0 info it worked if it ends with ok
1 verbose cli [ '/opt/nodes/6.9.2/bin/node',
1 verbose cli   '/opt/boxen/nodenv/versions/6.9.2/bin/npm',
1 verbose cli   'run',
1 verbose cli   'examples' ]
2 info using npm@3.10.9
3 info using node@v6.9.2
4 verbose run-script [ 'preexamples', 'examples', 'postexamples' ]
5 info lifecycle polaroid@0.9.0~preexamples: polaroid@0.9.0
6 silly lifecycle polaroid@0.9.0~preexamples: no script for preexamples, continuing
7 info lifecycle polaroid@0.9.0~examples: polaroid@0.9.0
8 verbose lifecycle polaroid@0.9.0~examples: unsafe-perm in lifecycle true
9 verbose lifecycle polaroid@0.9.0~examples: PATH: /opt/nodes/6.9.2/lib/node_modules/npm/bin/node-gyp-bin:/Users/jrhodes/src/projects/polaroid/node_modules/.bin:/opt/nodes/6.9.2/bin:/opt/boxen/nodenv/versions/6.9.2/bin:/opt/boxen/nodenv/libexec:/opt/boxen/nodenv/plugins/nodenv-update/bin:/opt/boxen/nodenv/plugins/node-build/bin:bin:/opt/boxen/rbenv/shims:/opt/boxen/rbenv/bin:/opt/boxen/ruby-build/bin:/opt/boxen/nodenv/shims:/opt/boxen/nodenv/bin:/opt/boxen/node-build/bin:/opt/boxen/homebrew/bin:/opt/boxen/homebrew/sbin:/opt/boxen/bin:/opt/boxen/nodenv/versions/v4.1.0/bin:/usr/local/bin:/usr/bin:/bin:/usr/sbin:/sbin:/opt/X11/bin:/usr/local/MacGPG2/bin:/opt/boxen/nodenv/versions/v0.12/bin:/opt/boxen/nodenv/versions/v0.10/bin:bin:/opt/boxen/rbenv/shims:/opt/boxen/rbenv/bin:/opt/boxen/rbenv/plugins/ruby-build/bin:nope_modules/.bin:/opt/boxen/nodenv/shims:/opt/boxen/nodenv/bin:/opt/boxen/bin:/opt/boxen/homebrew/bin:/opt/boxen/homebrew/sbin:/usr/bin:/bin:/usr/sbin:/sbin:/usr/local/bin:/opt/X11/bin:/usr/local/MacGPG2/bin:/opt/boxen/nodenv/versions/v0.10/bin:./nope_modules/.bin:/Users/jrhodes/src/projects/gitplus/commands
10 verbose lifecycle polaroid@0.9.0~examples: CWD: /Users/jrhodes/src/projects/polaroid
11 silly lifecycle polaroid@0.9.0~examples: Args: [ '-c', 'mocha ./example/test' ]
12 silly lifecycle polaroid@0.9.0~examples: Returned: code: 1  signal: null
13 info lifecycle polaroid@0.9.0~examples: Failed to exec examples script
14 verbose stack Error: polaroid@0.9.0 examples: `mocha ./example/test`
14 verbose stack Exit status 1
14 verbose stack     at EventEmitter.<anonymous> (/opt/nodes/6.9.2/lib/node_modules/npm/lib/utils/lifecycle.js:255:16)
14 verbose stack     at emitTwo (events.js:106:13)
14 verbose stack     at EventEmitter.emit (events.js:191:7)
14 verbose stack     at ChildProcess.<anonymous> (/opt/nodes/6.9.2/lib/node_modules/npm/lib/utils/spawn.js:40:14)
14 verbose stack     at emitTwo (events.js:106:13)
14 verbose stack     at ChildProcess.emit (events.js:191:7)
14 verbose stack     at maybeClose (internal/child_process.js:877:16)
14 verbose stack     at Process.ChildProcess._handle.onexit (internal/child_process.js:226:5)
15 verbose pkgid polaroid@0.9.0
16 verbose cwd /Users/jrhodes/src/projects/polaroid
17 error Darwin 15.2.0
18 error argv "/opt/nodes/6.9.2/bin/node" "/opt/boxen/nodenv/versions/6.9.2/bin/npm" "run" "examples"
19 error node v6.9.2
20 error npm  v3.10.9
21 error code ELIFECYCLE
22 error polaroid@0.9.0 examples: `mocha ./example/test`
22 error Exit status 1
23 error Failed at the polaroid@0.9.0 examples script 'mocha ./example/test'.
23 error Make sure you have the latest version of node.js and npm installed.
23 error If you do, this is most likely a problem with the polaroid package,
23 error not with npm itself.
23 error Tell the author that this fails on your system:
23 error     mocha ./example/test
23 error You can get information on how to open an issue for this project with:
23 error     npm bugs polaroid
23 error Or if that isn't available, you can get their info via:
23 error     npm owner ls polaroid
23 error There is likely additional logging output above.
24 verbose exit [ 1, true ]
